<?xml version="1.0" encoding="UTF-8"?>
<!-- Generated by org.testng.reporters.JUnitReportReporter -->
<testsuite hostname="ASL-BLR-LT-0014" failures="0" tests="10" name="Test.TC_TB" time="26.401" errors="0" timestamp="2021-05-26T14:53:33 IST" skipped="0">
  <testcase classname="Test.TC_TB" name="validLogin" time="10.011"/>
  <system-out/>
  <testcase classname="Test.TC_TB" name="check_Navigating_to_Book_Item_Page" time="10.828"/>
  <system-out/>
  <testcase classname="Test.TC_TB" name="isList_isEmpty" time="3.029"/>
  <system-out/>
  <testcase classname="Test.TC_TB" name="to_Check_Check_Box_isSelected_First_Item" time="0.083"/>
  <system-out/>
  <testcase classname="Test.TC_TB" name="to_Check_Check_Box_isEnabled_First_Item" time="0.065"/>
  <system-out/>
  <testcase classname="Test.TC_TB" name="to_Check_Check_Box_isClickable_First_Item" time="0.447"/>
  <system-out/>
  <testcase classname="Test.TC_TB" name="to_More_Option_isDisplayed_First_Item" time="0.166"/>
  <system-out/>
  <testcase classname="Test.TC_TB" name="to_Check_More_Option_isEnabled_First_Item" time="0.079"/>
  <system-out/>
  <testcase classname="Test.TC_TB" name="to_Check_Mark_as_Inactive_isDisplyed_First_Item" time="0.420"/>
  <system-out/>
  <testcase classname="Test.TC_TB" name="to_Check_in_Inactive_Services" time="1.273"/>
  <system-out/>
</testsuite> <!-- Test.TC_TB -->
