<?xml version="1.0" encoding="UTF-8"?>
<!-- Generated by org.testng.reporters.JUnitReportReporter -->
<testsuite hostname="ASL-BLR-LT-0014" failures="0" tests="1" name="Test.Demo" time="27.904" errors="0" timestamp="2021-05-26T14:17:03 IST" skipped="0">
  <testcase classname="Test.Demo" name="add" time="27.904"/>
  <system-out/>
</testsuite> <!-- Test.Demo -->
