<?xml version="1.0" encoding="UTF-8"?>
<!-- Generated by org.testng.reporters.JUnitReportReporter -->
<testsuite hostname="ASL-BLR-LT-0014" failures="0" tests="10" name="Test.TC_TB" time="29.336" errors="0" timestamp="2021-05-26T16:40:37 IST" skipped="0">
  <testcase classname="Test.TC_TB" name="validLogin" time="19.599"/>
  <system-out/>
  <testcase classname="Test.TC_TB" name="check_Navigating_to_Book_Item_Page" time="6.208"/>
  <system-out/>
  <testcase classname="Test.TC_TB" name="isList_isEmpty" time="1.989"/>
  <system-out/>
  <testcase classname="Test.TC_TB" name="to_Check_Check_Box_isSelected_First_Item" time="0.054"/>
  <system-out/>
  <testcase classname="Test.TC_TB" name="to_Check_Check_Box_isEnabled_First_Item" time="0.036"/>
  <system-out/>
  <testcase classname="Test.TC_TB" name="to_Check_Check_Box_isClickable_First_Item" time="0.472"/>
  <system-out/>
  <testcase classname="Test.TC_TB" name="to_More_Option_isDisplayed_First_Item" time="0.092"/>
  <system-out/>
  <testcase classname="Test.TC_TB" name="to_Check_More_Option_isEnabled_First_Item" time="0.029"/>
  <system-out/>
  <testcase classname="Test.TC_TB" name="to_Check_Mark_as_Inactive_isDisplyed_First_Item" time="0.195"/>
  <system-out/>
  <testcase classname="Test.TC_TB" name="to_Check_in_Inactive_Services" time="0.662"/>
  <system-out/>
</testsuite> <!-- Test.TC_TB -->
